<?xml version="1.0" encoding="UTF-8"?>
<!-- Generated by org.testng.reporters.JUnitReportReporter -->
<testsuite hostname="INDCHN-3TZ0T72" name="testCase.CreateAccount" tests="1" failures="0" timestamp="7 Sep 2017 05:33:05 GMT" time="43.542" errors="0">
  <testcase name="cAccount" time="43.542" classname="testCase.CreateAccount"/>
</testsuite> <!-- testCase.CreateAccount -->
